<?xml version='1.0' encoding='UTF-8'?>
<testsuite hostname="DESKTOP-QOK0U0H" name="Test06" tests="1" errors="0" failures="0" skipped="0" time="0.521">
                     <properties>
[...]
</properties>
                     <testcase classname="Test06" name="Two valid transactions back and forth between two banks, account balances should be correct" time="0.521">
                                                 
                                               </testcase>
                     <system-out><![CDATA[]]></system-out>
                     <system-err><![CDATA[]]></system-err>
                   </testsuite>